c:\code\大作业\x64\debug\vc143.pdb
c:\code\大作业\x64\debug\vc143.idb
c:\code\大作业\x64\debug\源.obj
c:\code\大作业\x64\debug\大作业.exe
c:\code\大作业\x64\debug\大作业.ilk
c:\code\大作业\x64\debug\大作业.pdb
c:\code\大作业\x64\debug\大作业.lib
c:\code\大作业\x64\debug\大作业.exp
c:\code\大作业\x64\debug\test1.obj
c:\code\大作业\x64\debug\video.obj
c:\code\大作业\x64\debug\大作业.tlog\cl.command.1.tlog
c:\code\大作业\x64\debug\大作业.tlog\cl.read.1.tlog
c:\code\大作业\x64\debug\大作业.tlog\cl.write.1.tlog
c:\code\大作业\x64\debug\大作业.tlog\link.16544.delete.1.tlog
c:\code\大作业\x64\debug\大作业.tlog\link.18468.delete.1.tlog
c:\code\大作业\x64\debug\大作业.tlog\link.8932.delete.1.tlog
c:\code\大作业\x64\debug\大作业.tlog\link.command.1.tlog
c:\code\大作业\x64\debug\大作业.tlog\link.read.1.tlog
c:\code\大作业\x64\debug\大作业.tlog\link.write.1.tlog
c:\code\大作业\x64\debug\大作业.tlog\大作业.write.1u.tlog
